<?xml version="1.0"?>

<component name="org.nuxeo.ecm.directory.resilient.usermanager.test">
  <require>org.nuxeo.ecm.platform.usermanager.UserManagerImpl</require>

  <extension target="org.nuxeo.ecm.platform.usermanager.UserService"
    point="userManager">

    <userManager>

      <defaultAdministratorId>Administrator</defaultAdministratorId>
      <administratorsGroup>administrators</administratorsGroup>
      <defaultGroup>members</defaultGroup>
      <users>
        <directory>userDirectory</directory>
      </users>
      <groups>
        <directory>groupDirectory</directory>
      </groups>
    </userManager>

  </extension>

</component>
